---------------------------------------
Checking SOFA_ROOT and SOFAPYTHON3_ROOT
Using environment variable SOFA_ROOT: /home/michaelbezick/sofa/build/install
---------------------------------------
wandb: Using wandb-core as the SDK backend.  Please refer to https://wandb.me/wandb-core for more information.
wandb: Network error (ConnectionError), entering retry loop.
wandb: W&B API key is configured. Use `wandb login --relogin` to force relogin
wandb: Network error (ConnectionError), entering retry loop.
wandb: WARNING Using a boolean value for 'reinit' is deprecated. Use 'return_previous' or 'finish_previous' instead.
Group name is:  PPT without PCA camera vs world mismatch
Error executing job with overrides: ['wandb.group_name=PPT without PCA camera vs world mismatch', 'env=thread_in_hole', 'model=pointgpt_rl', 'algo=aux_sac', 'env.image_shape=[64, 64]']
[2025-06-12 17:45:20,117][urllib3.connectionpool][WARNING] - Retrying (Retry(total=2, connect=None, read=None, redirect=None, status=None)) after connection broken by 'NameResolutionError("<urllib3.connection.HTTPSConnection object at 0x7f4a11444610>: Failed to resolve 'o151352.ingest.sentry.io' ([Errno -3] Temporary failure in name resolution)")': /api/4504800232407040/envelope/
[2025-06-12 17:45:20,118][urllib3.connectionpool][WARNING] - Retrying (Retry(total=1, connect=None, read=None, redirect=None, status=None)) after connection broken by 'NameResolutionError("<urllib3.connection.HTTPSConnection object at 0x7f4a11444910>: Failed to resolve 'o151352.ingest.sentry.io' ([Errno -3] Temporary failure in name resolution)")': /api/4504800232407040/envelope/
[2025-06-12 17:45:20,119][urllib3.connectionpool][WARNING] - Retrying (Retry(total=0, connect=None, read=None, redirect=None, status=None)) after connection broken by 'NameResolutionError("<urllib3.connection.HTTPSConnection object at 0x7f4a11444580>: Failed to resolve 'o151352.ingest.sentry.io' ([Errno -3] Temporary failure in name resolution)")': /api/4504800232407040/envelope/
Traceback (most recent call last):
  File "/home/michaelbezick/.conda/envs/pprl/lib/python3.10/asyncio/locks.py", line 214, in wait
    await fut
asyncio.exceptions.CancelledError

During handling of the above exception, another exception occurred:

Traceback (most recent call last):
  File "/home/michaelbezick/.conda/envs/pprl/lib/python3.10/asyncio/tasks.py", line 456, in wait_for
    return fut.result()
asyncio.exceptions.CancelledError

The above exception was the direct cause of the following exception:

Traceback (most recent call last):
  File "/home/michaelbezick/.conda/envs/pprl/lib/python3.10/site-packages/wandb/sdk/mailbox/response_handle.py", line 109, in wait_async
    await asyncio.wait_for(evt.wait(), timeout=timeout)
  File "/home/michaelbezick/.conda/envs/pprl/lib/python3.10/asyncio/tasks.py", line 458, in wait_for
    raise exceptions.TimeoutError() from exc
asyncio.exceptions.TimeoutError

The above exception was the direct cause of the following exception:

Traceback (most recent call last):
  File "/home/michaelbezick/.conda/envs/pprl/lib/python3.10/site-packages/wandb/sdk/wandb_init.py", line 965, in init
    result = wait_with_progress(
  File "/home/michaelbezick/.conda/envs/pprl/lib/python3.10/site-packages/wandb/sdk/mailbox/wait_with_progress.py", line 24, in wait_with_progress
    return wait_all_with_progress(
  File "/home/michaelbezick/.conda/envs/pprl/lib/python3.10/site-packages/wandb/sdk/mailbox/wait_with_progress.py", line 87, in wait_all_with_progress
    return asyncio_compat.run(progress_loop_with_timeout)
  File "/home/michaelbezick/.conda/envs/pprl/lib/python3.10/site-packages/wandb/sdk/lib/asyncio_compat.py", line 30, in run
    return future.result()
  File "/home/michaelbezick/.conda/envs/pprl/lib/python3.10/concurrent/futures/_base.py", line 458, in result
    return self.__get_result()
  File "/home/michaelbezick/.conda/envs/pprl/lib/python3.10/concurrent/futures/_base.py", line 403, in __get_result
    raise self._exception
  File "/home/michaelbezick/.conda/envs/pprl/lib/python3.10/concurrent/futures/thread.py", line 58, in run
    result = self.fn(*self.args, **self.kwargs)
  File "/home/michaelbezick/.conda/envs/pprl/lib/python3.10/site-packages/wandb/sdk/lib/asyncio_compat.py", line 74, in run
    return asyncio.run(self._run_or_cancel(fn))
  File "/home/michaelbezick/.conda/envs/pprl/lib/python3.10/asyncio/runners.py", line 44, in run
    return loop.run_until_complete(main)
  File "/home/michaelbezick/.conda/envs/pprl/lib/python3.10/asyncio/base_events.py", line 649, in run_until_complete
    return future.result()
  File "/home/michaelbezick/.conda/envs/pprl/lib/python3.10/site-packages/wandb/sdk/lib/asyncio_compat.py", line 98, in _run_or_cancel
    return fn_task.result()
  File "/home/michaelbezick/.conda/envs/pprl/lib/python3.10/site-packages/wandb/sdk/mailbox/wait_with_progress.py", line 82, in progress_loop_with_timeout
    return await _wait_handles_async(
  File "/home/michaelbezick/.conda/envs/pprl/lib/python3.10/site-packages/wandb/sdk/mailbox/wait_with_progress.py", line 130, in _wait_handles_async
    async with asyncio_compat.open_task_group() as task_group:
  File "/home/michaelbezick/.conda/envs/pprl/lib/python3.10/contextlib.py", line 206, in __aexit__
    await anext(self.gen)
  File "/home/michaelbezick/.conda/envs/pprl/lib/python3.10/site-packages/wandb/sdk/lib/asyncio_compat.py", line 190, in open_task_group
    await task_group._wait_all()
  File "/home/michaelbezick/.conda/envs/pprl/lib/python3.10/site-packages/wandb/sdk/lib/asyncio_compat.py", line 159, in _wait_all
    raise exc
  File "/home/michaelbezick/.conda/envs/pprl/lib/python3.10/site-packages/wandb/sdk/mailbox/wait_with_progress.py", line 128, in wait_single
    results[index] = await handle.wait_async(timeout=timeout)
  File "/home/michaelbezick/.conda/envs/pprl/lib/python3.10/site-packages/wandb/sdk/mailbox/mailbox_handle.py", line 126, in wait_async
    response = await self._handle.wait_async(timeout=timeout)
  File "/home/michaelbezick/.conda/envs/pprl/lib/python3.10/site-packages/wandb/sdk/mailbox/response_handle.py", line 118, in wait_async
    raise TimeoutError(
TimeoutError: Timed out waiting for response on yffta60bv420

During handling of the above exception, another exception occurred:

Traceback (most recent call last):
  File "/home/michaelbezick/Repos/pprlPCA/scripts/train_sac.py", line 379, in main
    run = wandb.init(
  File "/home/michaelbezick/.conda/envs/pprl/lib/python3.10/site-packages/wandb/sdk/wandb_init.py", line 1544, in init
    wandb._sentry.reraise(e)
  File "/home/michaelbezick/.conda/envs/pprl/lib/python3.10/site-packages/wandb/analytics/sentry.py", line 156, in reraise
    raise exc.with_traceback(sys.exc_info()[2])
  File "/home/michaelbezick/.conda/envs/pprl/lib/python3.10/site-packages/wandb/sdk/wandb_init.py", line 1530, in init
    return wi.init(run_settings, run_config)
  File "/home/michaelbezick/.conda/envs/pprl/lib/python3.10/site-packages/wandb/sdk/wandb_init.py", line 978, in init
    raise CommError(
wandb.errors.errors.CommError: Run initialization has timed out after 90.0 sec. Please try increasing the timeout with the `init_timeout` setting: `wandb.init(settings=wandb.Settings(init_timeout=120))`.

Set the environment variable HYDRA_FULL_ERROR=1 for a complete stack trace.
[1;34mwandb[0m: 
[1;34mwandb[0m: ðŸš€ View run [33m[0m at: [34m[0m
[1;34mwandb[0m: Find logs at: [1;35mwandb/run-20250612_174350-crg9b8k6/logs[0m
[WARNING] [Sofa.Simulation.Graph] the library has not been cleaned up (sofa::simulation::graph::cleanup() has never been called, see sofa/helper/init.h)
[WARNING] [SofaSimulationCommon] the library has not been cleaned up (sofa::simulation::common::cleanup() has never been called, see sofa/helper/init.h)
[WARNING] [SofaSimulationCore] the library has not been cleaned up (sofa::simulation::core::cleanup() has never been called, see sofa/helper/init.h)
[WARNING] [SofaCore] the library has not been cleaned up (sofa::core::cleanup() has never been called, see sofa/helper/init.h)
[WARNING] [SofaDefaultType] the library has not been cleaned up (sofa::defaulttype::cleanup() has never been called, see sofa/helper/init.h)
[WARNING] [SofaHelper] the library has not been cleaned up (sofa::helper::cleanup() has never been called, see sofa/helper/init.h)
